<?xml version="1.0" encoding="UTF-8"?>
<!-- Generated by org.testng.reporters.JUnitReportReporter -->
<testsuite hostname="AVNRED666-PC" failures="1" tests="10" name="testrunner.TestRunner" time="1.494" errors="0" timestamp="2023-01-21T22:22:29 IST" skipped="0">
  <testcase classname="testrunner.TestRunner" name="runScenario" time="0.026"/>
  <system-out/>
  <testcase classname="testrunner.TestRunner" name="runScenario" time="0.023"/>
  <system-out/>
  <testcase classname="testrunner.TestRunner" name="runScenario" time="0.123"/>
  <system-out/>
  <testcase classname="testrunner.TestRunner" name="runScenario" time="0.044"/>
  <system-out/>
  <testcase classname="testrunner.TestRunner" name="runScenario" time="0.034"/>
  <system-out/>
  <testcase classname="testrunner.TestRunner" name="runScenario" time="0.028">
    <failure message="expected [80] but found [65]" type="java.lang.AssertionError">
      <![CDATA[java.lang.AssertionError: expected [80] but found [65]
at org.testng.Assert.fail(Assert.java:110)
at org.testng.Assert.failNotEquals(Assert.java:1577)
at org.testng.Assert.assertEqualsImpl(Assert.java:149)
at org.testng.Assert.assertEquals(Assert.java:131)
at org.testng.Assert.assertEquals(Assert.java:655)
at org.testng.Assert.assertEquals(Assert.java:665)
at stepdefinitions.StoreGetRequestsAPI.values_are_updated_as_follows(StoreGetRequestsAPI.java:45)
at âœ½.values are updated as follows:(file:///D:/IdeaProjects/SwaggerPetstore/src/test/resources/features/StoreGETInventory.feature:5)
]]>
    </failure>
  </testcase> <!-- runScenario -->
  <system-out/>
  <testcase classname="testrunner.TestRunner" name="runScenario" time="0.069"/>
  <system-out/>
  <testcase classname="testrunner.TestRunner" name="runScenario" time="0.023"/>
  <system-out/>
  <testcase classname="testrunner.TestRunner" name="runScenario" time="1.066"/>
  <system-out/>
  <testcase classname="testrunner.TestRunner" name="runScenario" time="0.058"/>
  <system-out/>
</testsuite> <!-- testrunner.TestRunner -->
